d:\studia dev\ako laby\lab5\laby\laby\laby\debug\vc143.pdb
d:\studia dev\ako laby\lab5\laby\laby\laby\debug\vc143.idb
d:\studia dev\ako laby\lab5\laby\laby\laby\debug\main.obj
d:\studia dev\ako laby\lab5\laby\laby\debug\laby.pdb
d:\studia dev\ako laby\lab5\laby\laby\laby\debug\laby.tlog\cl.command.1.tlog
d:\studia dev\ako laby\lab5\laby\laby\laby\debug\laby.tlog\cl.read.1.tlog
d:\studia dev\ako laby\lab5\laby\laby\laby\debug\laby.tlog\cl.write.1.tlog
d:\studia dev\ako laby\lab5\laby\laby\laby\debug\laby.tlog\link-cvtres.read.1.tlog
d:\studia dev\ako laby\lab5\laby\laby\laby\debug\laby.tlog\link-cvtres.write.1.tlog
d:\studia dev\ako laby\lab5\laby\laby\laby\debug\laby.tlog\link-rc.read.1.tlog
d:\studia dev\ako laby\lab5\laby\laby\laby\debug\laby.tlog\link-rc.write.1.tlog
d:\studia dev\ako laby\lab5\laby\laby\laby\debug\laby.tlog\link.6816-cvtres.read.1.tlog
d:\studia dev\ako laby\lab5\laby\laby\laby\debug\laby.tlog\link.6816-cvtres.write.1.tlog
d:\studia dev\ako laby\lab5\laby\laby\laby\debug\laby.tlog\link.6816-rc.read.1.tlog
d:\studia dev\ako laby\lab5\laby\laby\laby\debug\laby.tlog\link.6816-rc.write.1.tlog
d:\studia dev\ako laby\lab5\laby\laby\laby\debug\laby.tlog\link.6816.read.1.tlog
d:\studia dev\ako laby\lab5\laby\laby\laby\debug\laby.tlog\link.6816.write.1.tlog
d:\studia dev\ako laby\lab5\laby\laby\laby\debug\laby.tlog\link.command.1.tlog
d:\studia dev\ako laby\lab5\laby\laby\laby\debug\laby.tlog\link.read.1.tlog
d:\studia dev\ako laby\lab5\laby\laby\laby\debug\laby.tlog\link.write.1.tlog
