  Assembling source.asm...
source.asm(1): error A2008: syntax error : .
source.asm(2): error A2008: syntax error : .
source.asm(6): error A2034: must be in segment block : _nowy_exp
source.asm(7): error A2034: must be in segment block
source.asm(8): error A2034: must be in segment block
source.asm(9): error A2034: must be in segment block
source.asm(10): error A2034: must be in segment block
source.asm(11): error A2034: must be in segment block
source.asm(12): error A2034: must be in segment block
source.asm(13): error A2034: must be in segment block
source.asm(14): error A2034: must be in segment block
source.asm(15): error A2034: must be in segment block
source.asm(16): error A2034: must be in segment block
source.asm(19): error A2034: must be in segment block
source.asm(20): error A2034: must be in segment block
source.asm(21): error A2034: must be in segment block
source.asm(22): error A2034: must be in segment block
source.asm(23): error A2034: must be in segment block
source.asm(24): error A2034: must be in segment block
source.asm(26): error A2034: must be in segment block
source.asm(27): error A2034: must be in segment block
source.asm(28): error A2034: must be in segment block
source.asm(29): error A2034: must be in segment block
source.asm(31): error A2034: must be in segment block
source.asm(32): error A2034: must be in segment block
source.asm(33): error A2034: must be in segment block
source.asm(35): error A2034: must be in segment block
source.asm(36): error A2034: must be in segment block
source.asm(37): error A2034: must be in segment block
source.asm(38): error A2034: must be in segment block
source.asm(39): error A2034: must be in segment block
source.asm(40): error A2034: must be in segment block
source.asm(42): error A2034: must be in segment block
source.asm(43): error A2034: must be in segment block
source.asm(44): error A2034: must be in segment block
source.asm(46): error A2034: must be in segment block
source.asm(47): error A2034: must be in segment block
source.asm(48): error A2034: must be in segment block
source.asm(50): error A2034: must be in segment block
source.asm(52): fatal error A1010: unmatched block nesting : _nowy_exp
C:\Program Files\Microsoft Visual Studio\2022\Preview\MSBuild\Microsoft\VC\v170\BuildCustomizations\masm.targets(70,5): error MSB3721: The command "ml64.exe /c /nologo /Zi /Fo"x64\Debug\source.obj" /W3 /errorReport:prompt  /Tasource.asm" exited with code 1.
